Wed, 09 Sep 2020 12:28:53 GMT | ERROR  | HTTP 404: ask for:  http://localhost:3000/uhijok
Mon, 14 Sep 2020 12:50:35 GMT | ERROR  | HTTP 404: ask for:  http://localhost:3000/api/v1/ingredient
Mon, 14 Sep 2020 12:51:23 GMT | ERROR  | HTTP 404: ask for:  http://localhost:3000/api/v1/ingredient
Mon, 14 Sep 2020 12:51:44 GMT | ERROR  | HTTP 404: ask for:  http://localhost:3000/api/v1/ingredient
Mon, 14 Sep 2020 12:51:49 GMT | ERROR  | HTTP 404: ask for:  http://localhost:3000/api/v1/pizza
Mon, 14 Sep 2020 12:52:16 GMT | ERROR  | HTTP 404: ask for:  http://localhost:3000/api/v1/pizza
Mon, 14 Sep 2020 12:52:25 GMT | ERROR  | HTTP 404: ask for:  http://localhost:3000/api/v1/
Mon, 14 Sep 2020 15:19:29 GMT | ERROR  | HTTP 404: ask for:  http://localhost:3000/api/v1/client
Mon, 14 Sep 2020 15:19:49 GMT | ERROR  | HTTP 404: ask for:  http://localhost:3000/api/v1/client
Mon, 14 Sep 2020 15:21:24 GMT | ERROR  | HTTP 404: ask for:  http://localhost:3000/api/v1/client
Mon, 14 Sep 2020 15:22:41 GMT | ERROR  | HTTP 404: ask for:  http://localhost:3000/api/v1/client
Wed, 30 Sep 2020 06:51:53 GMT | ERROR  | HTTP 404: ask for:  http://localhost:3000/api/v1/createPizza
Wed, 30 Sep 2020 07:23:33 GMT | ERROR  | HTTP 404: ask for:  http://localhost:3000/api/v1/ingredient
Wed, 30 Sep 2020 08:33:05 GMT | ERROR  | HTTP 404: ask for:  http://localhost:3000/api/v1/deleteIngredient/5f7432d42b4e91df3867d223
Wed, 30 Sep 2020 09:42:36 GMT | ERROR  | HTTP 404: ask for:  http://localhost:3000/api/v1/createCommande/
Wed, 30 Sep 2020 09:42:40 GMT | ERROR  | HTTP 404: ask for:  http://localhost:3000/api/v1/createCommande/
Wed, 30 Sep 2020 09:45:33 GMT | ERROR  | HTTP 404: ask for:  http://localhost:3000/api/v1/readPizzas/
Sun, 11 Oct 2020 14:12:16 GMT | ERROR  | HTTP 404: ask for:  http://localhost:3000/api/v1/pizzas/
Sun, 11 Oct 2020 14:12:40 GMT | ERROR  | HTTP 404: ask for:  http://localhost:3000/api/v1/readPOizzas/
Thu, 05 Nov 2020 08:39:00 GMT | ERROR  | HTTP 404: ask for:  http://localhost:3000/api/v1
Thu, 05 Nov 2020 08:39:00 GMT | ERROR  | HTTP 404: ask for:  http://localhost:3000/api/v1
Thu, 05 Nov 2020 08:39:00 GMT | ERROR  | HTTP 404: ask for:  http://localhost:3000/api/v1
Thu, 05 Nov 2020 08:39:00 GMT | ERROR  | HTTP 404: ask for:  http://localhost:3000/api/v1
Thu, 05 Nov 2020 08:39:00 GMT | ERROR  | HTTP 404: ask for:  http://localhost:3000/api/v1
Thu, 05 Nov 2020 08:39:01 GMT | ERROR  | HTTP 404: ask for:  http://localhost:3000/api/v1
Thu, 05 Nov 2020 08:39:01 GMT | ERROR  | HTTP 404: ask for:  http://localhost:3000/api/v1
Thu, 05 Nov 2020 08:39:01 GMT | ERROR  | HTTP 404: ask for:  http://localhost:3000/api/v1
Thu, 05 Nov 2020 08:39:01 GMT | ERROR  | HTTP 404: ask for:  http://localhost:3000/api/v1
Thu, 05 Nov 2020 08:39:01 GMT | ERROR  | HTTP 404: ask for:  http://localhost:3000/api/v1
Thu, 05 Nov 2020 08:39:34 GMT | ERROR  | HTTP 404: ask for:  http://localhost:3000/api/v1
Thu, 05 Nov 2020 08:39:34 GMT | ERROR  | HTTP 404: ask for:  http://localhost:3000/api/v1
Thu, 05 Nov 2020 08:39:34 GMT | ERROR  | HTTP 404: ask for:  http://localhost:3000/api/v1
Thu, 05 Nov 2020 08:39:34 GMT | ERROR  | HTTP 404: ask for:  http://localhost:3000/api/v1
Thu, 05 Nov 2020 08:39:34 GMT | ERROR  | HTTP 404: ask for:  http://localhost:3000/api/v1
Thu, 05 Nov 2020 08:39:35 GMT | ERROR  | HTTP 404: ask for:  http://localhost:3000/api/v1
Thu, 05 Nov 2020 08:39:35 GMT | ERROR  | HTTP 404: ask for:  http://localhost:3000/api/v1
Thu, 05 Nov 2020 08:39:35 GMT | ERROR  | HTTP 404: ask for:  http://localhost:3000/api/v1
Thu, 05 Nov 2020 08:39:35 GMT | ERROR  | HTTP 404: ask for:  http://localhost:3000/api/v1
Thu, 05 Nov 2020 08:39:35 GMT | ERROR  | HTTP 404: ask for:  http://localhost:3000/api/v1
Thu, 05 Nov 2020 08:39:42 GMT | ERROR  | HTTP 404: ask for:  http://localhost:3000/api/v1
Thu, 05 Nov 2020 08:39:42 GMT | ERROR  | HTTP 404: ask for:  http://localhost:3000/api/v1
Thu, 05 Nov 2020 08:39:42 GMT | ERROR  | HTTP 404: ask for:  http://localhost:3000/api/v1
Thu, 05 Nov 2020 08:39:42 GMT | ERROR  | HTTP 404: ask for:  http://localhost:3000/api/v1
Thu, 05 Nov 2020 08:39:42 GMT | ERROR  | HTTP 404: ask for:  http://localhost:3000/api/v1
Thu, 05 Nov 2020 08:39:42 GMT | ERROR  | HTTP 404: ask for:  http://localhost:3000/api/v1
Thu, 05 Nov 2020 08:39:42 GMT | ERROR  | HTTP 404: ask for:  http://localhost:3000/api/v1
Thu, 05 Nov 2020 08:39:42 GMT | ERROR  | HTTP 404: ask for:  http://localhost:3000/api/v1
Thu, 05 Nov 2020 08:39:42 GMT | ERROR  | HTTP 404: ask for:  http://localhost:3000/api/v1
Thu, 05 Nov 2020 08:39:42 GMT | ERROR  | HTTP 404: ask for:  http://localhost:3000/api/v1
Thu, 05 Nov 2020 08:40:05 GMT | ERROR  | HTTP 404: ask for:  http://localhost:3000/api/v1
Thu, 05 Nov 2020 08:40:05 GMT | ERROR  | HTTP 404: ask for:  http://localhost:3000/api/v1
Thu, 05 Nov 2020 08:40:05 GMT | ERROR  | HTTP 404: ask for:  http://localhost:3000/api/v1
Thu, 05 Nov 2020 08:40:05 GMT | ERROR  | HTTP 404: ask for:  http://localhost:3000/api/v1
Thu, 05 Nov 2020 08:40:05 GMT | ERROR  | HTTP 404: ask for:  http://localhost:3000/api/v1
Thu, 05 Nov 2020 08:40:05 GMT | ERROR  | HTTP 404: ask for:  http://localhost:3000/api/v1
Thu, 05 Nov 2020 08:40:05 GMT | ERROR  | HTTP 404: ask for:  http://localhost:3000/api/v1
Thu, 05 Nov 2020 08:40:05 GMT | ERROR  | HTTP 404: ask for:  http://localhost:3000/api/v1
Thu, 05 Nov 2020 08:40:05 GMT | ERROR  | HTTP 404: ask for:  http://localhost:3000/api/v1
Thu, 05 Nov 2020 08:40:05 GMT | ERROR  | HTTP 404: ask for:  http://localhost:3000/api/v1
Thu, 05 Nov 2020 08:53:52 GMT | ERROR  | HTTP 404: ask for:  http://localhost:3000/api/v1/readIngredient?id=5fa3b69120d5441dd6d293b8
Thu, 05 Nov 2020 08:53:52 GMT | ERROR  | HTTP 404: ask for:  http://localhost:3000/api/v1/readIngredient?id=5fa3b6a220d5441dd6d293b9
Thu, 05 Nov 2020 08:53:52 GMT | ERROR  | HTTP 404: ask for:  http://localhost:3000/api/v1/readIngredient?id=5fa3b6c920d5441dd6d293bb
Thu, 05 Nov 2020 08:53:52 GMT | ERROR  | HTTP 404: ask for:  http://localhost:3000/api/v1/readIngredient?id=5fa3b6ae20d5441dd6d293ba
Thu, 05 Nov 2020 08:53:52 GMT | ERROR  | HTTP 404: ask for:  http://localhost:3000/api/v1/readIngredient?id=5fa3b6c920d5441dd6d293bb
Thu, 05 Nov 2020 08:53:52 GMT | ERROR  | HTTP 404: ask for:  http://localhost:3000/api/v1/readIngredient?id=5fa3b69120d5441dd6d293b8
Thu, 05 Nov 2020 08:53:52 GMT | ERROR  | HTTP 404: ask for:  http://localhost:3000/api/v1/readIngredient?id=5fa3b6a220d5441dd6d293b9
Thu, 05 Nov 2020 08:53:52 GMT | ERROR  | HTTP 404: ask for:  http://localhost:3000/api/v1/readIngredient?id=5fa3b6c920d5441dd6d293bb
Thu, 05 Nov 2020 08:53:52 GMT | ERROR  | HTTP 404: ask for:  http://localhost:3000/api/v1/readIngredient?id=5fa3b6ae20d5441dd6d293ba
Thu, 05 Nov 2020 08:53:52 GMT | ERROR  | HTTP 404: ask for:  http://localhost:3000/api/v1/readIngredient?id=5fa3b6c920d5441dd6d293bb
Thu, 05 Nov 2020 08:54:42 GMT | ERROR  | HTTP 404: ask for:  http://localhost:3000/api/v1/readIngredient?id=5fa3b69120d5441dd6d293b8
Thu, 05 Nov 2020 08:54:42 GMT | ERROR  | HTTP 404: ask for:  http://localhost:3000/api/v1/readIngredient?id=5fa3b6a220d5441dd6d293b9
Thu, 05 Nov 2020 08:54:42 GMT | ERROR  | HTTP 404: ask for:  http://localhost:3000/api/v1/readIngredient?id=5fa3b6c920d5441dd6d293bb
Thu, 05 Nov 2020 08:54:42 GMT | ERROR  | HTTP 404: ask for:  http://localhost:3000/api/v1/readIngredient?id=5fa3b6ae20d5441dd6d293ba
Thu, 05 Nov 2020 08:54:42 GMT | ERROR  | HTTP 404: ask for:  http://localhost:3000/api/v1/readIngredient?id=5fa3b6c920d5441dd6d293bb
Thu, 05 Nov 2020 08:54:42 GMT | ERROR  | HTTP 404: ask for:  http://localhost:3000/api/v1/readIngredient?id=5fa3b69120d5441dd6d293b8
Thu, 05 Nov 2020 08:54:42 GMT | ERROR  | HTTP 404: ask for:  http://localhost:3000/api/v1/readIngredient?id=5fa3b6a220d5441dd6d293b9
Thu, 05 Nov 2020 08:54:42 GMT | ERROR  | HTTP 404: ask for:  http://localhost:3000/api/v1/readIngredient?id=5fa3b6c920d5441dd6d293bb
Thu, 05 Nov 2020 08:54:42 GMT | ERROR  | HTTP 404: ask for:  http://localhost:3000/api/v1/readIngredient?id=5fa3b6ae20d5441dd6d293ba
Thu, 05 Nov 2020 08:54:42 GMT | ERROR  | HTTP 404: ask for:  http://localhost:3000/api/v1/readIngredient?id=5fa3b6c920d5441dd6d293bb
Mon, 23 Nov 2020 21:07:35 GMT | ERROR  | HTTP 404: ask for:  http://localhost:3000/api/v1/createClient
Thu, 26 Nov 2020 20:09:08 GMT | ERROR  | HTTP 404: ask for:  http://localhost:3000/createClient/
Thu, 26 Nov 2020 20:14:52 GMT | ERROR  | HTTP 404: ask for:  http://localhost:3000/api/v1/readCommandes
Sat, 28 Nov 2020 17:31:44 GMT | ERROR  | HTTP 404: ask for:  http://localhost:3000/
Sat, 28 Nov 2020 17:34:54 GMT | ERROR  | HTTP 404: ask for:  http://localhost:3000/
Sat, 28 Nov 2020 17:37:40 GMT | ERROR  | HTTP 404: ask for:  http://localhost:3000/
Sat, 28 Nov 2020 18:06:00 GMT | ERROR  | HTTP 404: ask for:  http://localhost:3000/
Fri, 04 Dec 2020 14:22:38 GMT | ERROR  | HTTP 404: ask for:  http://localhost:3000/api/v1/signin
Mon, 07 Dec 2020 07:25:03 GMT | ERROR  | HTTP 404: ask for:  http://localhost:3000/api/v1/readClient
Mon, 07 Dec 2020 07:26:40 GMT | ERROR  | HTTP 404: ask for:  http://localhost:3000/api/v1/readClientOrders
Mon, 07 Dec 2020 07:29:33 GMT | ERROR  | HTTP 404: ask for:  http://localhost:3000/api/v1/readClientOrders
Mon, 07 Dec 2020 07:38:50 GMT | ERROR  | HTTP 404: ask for:  http://localhost:3000/api/v1/readClient
Mon, 07 Dec 2020 07:39:00 GMT | ERROR  | HTTP 404: ask for:  http://localhost:3000/api/v1/readClient
Mon, 07 Dec 2020 07:39:21 GMT | ERROR  | HTTP 404: ask for:  http://localhost:3000/api/v1/readClient
Mon, 07 Dec 2020 07:39:31 GMT | ERROR  | HTTP 404: ask for:  http://localhost:3000/api/v1/readClient
Mon, 07 Dec 2020 07:40:28 GMT | ERROR  | HTTP 404: ask for:  http://localhost:3000/api/v1/readClient
Mon, 07 Dec 2020 07:41:14 GMT | ERROR  | HTTP 404: ask for:  http://localhost:3000/api/v1/readClient
Mon, 07 Dec 2020 07:41:31 GMT | ERROR  | HTTP 404: ask for:  http://localhost:3000/api/v1/readClient
Mon, 07 Dec 2020 07:41:39 GMT | ERROR  | HTTP 404: ask for:  http://localhost:3000/api/v1/readClient
Mon, 07 Dec 2020 07:42:04 GMT | ERROR  | HTTP 404: ask for:  http://localhost:3000/api/v1/readClient
Mon, 07 Dec 2020 07:42:15 GMT | ERROR  | HTTP 404: ask for:  http://localhost:3000/api/v1/readClient
Mon, 07 Dec 2020 07:42:56 GMT | ERROR  | HTTP 404: ask for:  http://localhost:3000/api/v1/readClient
Mon, 07 Dec 2020 07:43:26 GMT | ERROR  | HTTP 404: ask for:  http://localhost:3000/api/v1/readClient
Mon, 07 Dec 2020 08:03:17 GMT | ERROR  | HTTP 404: ask for:  http://localhost:3000/api/v1/readClient
Mon, 07 Dec 2020 08:03:53 GMT | ERROR  | HTTP 404: ask for:  http://localhost:3000/api/v1/readClient
Mon, 07 Dec 2020 08:04:15 GMT | ERROR  | HTTP 404: ask for:  http://localhost:3000/api/v1/readClient
Mon, 07 Dec 2020 10:34:14 GMT | ERROR  | HTTP 404: ask for:  http://localhost:3000/
Mon, 07 Dec 2020 10:34:14 GMT | ERROR  | HTTP 404: ask for:  http://localhost:3000/favicon.ico
